SonarQube plugins:
  - SonarCSS 1.1.1.1010 (cssfamily)
  - SonarPLSQL 3.4.1.2576 (plsql)
  - SonarScala 1.7.0.883 (sonarscala)
  - SonarC# 8.1.0.13383 (csharp)
  - Vulnerability Analysis 8.1.0.675 (security)
  - SonarJava 5.14.0.18788 (java)
  - SonarHTML 3.2.0.2082 (web)
  - SonarFlex 2.5.1.1831 (flex)
  - SonarXML 2.0.1.2020 (xml)
  - SonarTS 2.1.0.4359 (typescript)
  - SonarVB 8.1.0.13383 (vbnet)
  - SonarSwift 4.2.2.77 (swift)
  - SonarCFamily 6.5.0.12506 (cpp)
  - SonarPython 2.3.0.5351 (python)
  - JaCoCo 1.0.2.475 (jacoco)
  - Mercurial 1.1.2 (scmmercurial)
  - SonarGo 1.7.0.883 (go)
  - SonarKotlin 1.7.0.883 (kotlin)
  - SonarTSQL 1.4.0.3334 (tsql)
  - SonarApex 1.7.0.883 (sonarapex)
  - SonarJS 6.1.0.11503 (javascript)
  - SonarRuby 1.7.0.883 (ruby)
  - Vulnerability Rules for C# 8.1.0.675 (securitycsharpfrontend)
  - Vulnerability Rules for Java 8.1.0.675 (securityjavafrontend)
  - License for SonarLint 8.0.0.3648 (license)
  - SonarCOBOL 4.4.0.3403 (cobol)
  - Vulnerability Rules for Python 8.1.0.675 (securitypythonfrontend)
  - Git 1.10.0.1898 (scmgit)
  - SonarPHP 3.3.0.5166 (php)
  - SonarABAP 3.8.0.2034 (abap)
  - Vulnerability Rules for PHP 8.1.0.675 (securityphpfrontend)
Global server settings:
  - email.from=noreply@sonarcloud.io
  - email.fromName=SonarCloud
  - email.prefix=[SonarCloud]
  - sonar.auth.bitbucket.enabled=true
  - sonar.auth.microsoft.enabled=true
  - sonar.core.id=74E9293D-AWHW8ct9-T_TB3XqouNu
  - sonar.core.serverBaseURL=https://sonarcloud.io
  - sonar.core.startTime=2019-12-19T09:54:51+0100
  - sonar.dbcleaner.weeksBeforeDeletingAllSnapshots=480
  - sonar.dbcleaner.weeksBeforeKeepingOnlyOneSnapshotByMonth=4
  - sonar.dbcleaner.weeksBeforeKeepingOnlyOneSnapshotByWeek=1
  - sonar.java.collectAnalysisErrors=true
  - sonar.leak.period=30
  - sonar.lf.enableGravatar=true
  - sonar.lf.logoWidthPx=105
  - sonar.organizations.anyoneCanCreate=true
  - sonar.organizations.createPersonalOrg=true
  - sonar.plsql.file.suffixes=sql,tab,pkb
  - sonar.tsql.file.suffixes=.tsql
Project server settings:
Project scanner properties:
  - sonar.cfamily.build-wrapper-output=build_wrapper_output_directory
  - sonar.host.url=https://sonarcloud.io
  - sonar.login=******
  - sonar.organization=kaluox
  - sonar.projectBaseDir=C:\Users\alexi\CLionProjects\Projet-Agneau
  - sonar.projectKey=Agneau
  - sonar.scanner.app=ScannerCli
  - sonar.scanner.appVersion=4.1.0.1829
  - sonar.sourceEncoding=windows-1252
  - sonar.sources=model/
  - sonar.verbose=true
  - sonar.working.directory=C:\Users\alexi\CLionProjects\Projet-Agneau\.scannerwork
